{"name": "flipkart positive test case for search results", "status": "broken", "statusDetails": {"message": "selenium.common.exceptions.NoSuchElementException: Message: no such element: Unable to locate element: {\"method\":\"css selector\",\"selector\":\".lNPl8b\"}\n  (Session info: chrome=144.0.7559.109); For documentation on this error, please visit: https://www.selenium.dev/documentation/webdriver/troubleshooting/errors#nosuchelementexception\nStacktrace:\n0   chromedriver                        0x0000000102f8cb68 chromedriver + 6712168\n1   chromedriver                        0x0000000102f843ca chromedriver + 6677450\n2   chromedriver                        0x0000000102994f25 chromedriver + 454437\n3   chromedriver                        0x00000001029e9a1b chromedriver + 801307\n4   chromedriver                        0x00000001029e9d61 chromedriver + 802145\n5   chromedriver                        0x0000000102a36224 chromedriver + 1114660\n6   chromedriver                        0x0000000102a33361 chromedriver + 1102689\n7   chromedriver                        0x00000001029dba11 chromedriver + 743953\n8   chromedriver                        0x00000001029dc811 chromedriver + 747537\n9   chromedriver                        0x0000000102f45241 chromedriver + 6419009\n10  chromedriver                        0x0000000102f495da chromedriver + 6436314\n11  chromedriver                        0x0000000102f24a29 chromedriver + 6285865\n12  chromedriver                        0x0000000102f4a038 chromedriver + 6438968\n13  chromedriver                        0x0000000102f12aa0 chromedriver + 6212256\n14  chromedriver                        0x0000000102f70668 chromedriver + 6596200\n15  chromedriver                        0x0000000102f70822 chromedriver + 6596642\n16  chromedriver                        0x0000000102f83fd1 chromedriver + 6676433\n17  libsystem_pthread.dylib             0x00007ff8090bd4e1 _pthread_start + 125\n18  libsystem_pthread.dylib             0x00007ff8090b8f6b thread_start + 15", "trace": "@allure.title(\"flipkart positive test case for search results\")\n    @allure.description(\"TC! on flipkart search results\")\n    \n    def test_flipkart_seasrchResults():\n        driver = webdriver.Chrome()\n        URL = driver.get(\"https://www.flipkart.com\")\n    \n    #find element search\n    #    < input    class =\"lNPl8b\" type=\"text\" title=\"Search for Products, Brands and More\" name=\"q\" autocomplete=\"off\" placeholder=\"Search for Products, Brands and More\" value=\"\" >\n>       search = driver.find_element(By.CLASS_NAME,value=\"lNPl8b\")\n\nSeleniumPrac/Locators/test_03_seleniumlocators4flipkartSearch.py:24: \n_ _ _ _ _ _ _ _ _ _ _ _ _ _ _ _ _ _ _ _ _ _ _ _ _ _ _ _ _ _ _ _ _ _ _ _ _ _ _ _ _ _ _ _ _ _ _ _ _ _ _ _ _ _ _ _ _ _ _ _ _ _ _ _ _ _ _ _ _ _ _ _ _ _ _ _ _ _ _ _ _ _ _ _\n/Library/Frameworks/Python.framework/Versions/3.12/lib/python3.12/site-packages/selenium/webdriver/remote/webdriver.py:926: in find_element\n    return self.execute(Command.FIND_ELEMENT, {\"using\": by, \"value\": value})[\"value\"]\n/Library/Frameworks/Python.framework/Versions/3.12/lib/python3.12/site-packages/selenium/webdriver/remote/webdriver.py:458: in execute\n    self.error_handler.check_response(response)\n_ _ _ _ _ _ _ _ _ _ _ _ _ _ _ _ _ _ _ _ _ _ _ _ _ _ _ _ _ _ _ _ _ _ _ _ _ _ _ _ _ _ _ _ _ _ _ _ _ _ _ _ _ _ _ _ _ _ _ _ _ _ _ _ _ _ _ _ _ _ _ _ _ _ _ _ _ _ _ _ _ _ _ _\n\nself = <selenium.webdriver.remote.errorhandler.ErrorHandler object at 0x10822cad0>\nresponse = {'status': 404, 'value': '{\"value\":{\"error\":\"no such element\",\"message\":\"no such element: Unable to locate element: {\\...ff8090bd4e1 _pthread_start + 125\\\\n18  libsystem_pthread.dylib             0x00007ff8090b8f6b thread_start + 15\\\\n\"}}'}\n\n    def check_response(self, response: dict[str, Any]) -> None:\n        \"\"\"Checks that a JSON response from the WebDriver does not have an\n        error.\n    \n        Args:\n            response: The JSON response from the WebDriver server as a dictionary\n                object.\n    \n        Raises:\n            WebDriverException: If the response contains an error message.\n        \"\"\"\n        status = response.get(\"status\", None)\n        if not status or status == ErrorCode.SUCCESS:\n            return\n        value = None\n        message = response.get(\"message\", \"\")\n        screen: str = response.get(\"screen\", \"\")\n        stacktrace = None\n        if isinstance(status, int):\n            value_json = response.get(\"value\", None)\n            if value_json and isinstance(value_json, str):\n                try:\n                    value = json.loads(value_json)\n                    if isinstance(value, dict):\n                        if len(value) == 1:\n                            value = value[\"value\"]\n                        status = value.get(\"error\", None)\n                        if not status:\n                            status = value.get(\"status\", ErrorCode.UNKNOWN_ERROR)\n                            message = value.get(\"value\") or value.get(\"message\")\n                            if not isinstance(message, str):\n                                value = message\n                                message = message.get(\"message\") if isinstance(message, dict) else None\n                        else:\n                            message = value.get(\"message\", None)\n                except ValueError:\n                    pass\n    \n        exception_class: type[WebDriverException]\n        e = ErrorCode()\n        error_codes = [item for item in dir(e) if not item.startswith(\"__\")]\n        for error_code in error_codes:\n            error_info = getattr(ErrorCode, error_code)\n            if isinstance(error_info, list) and status in error_info:\n                exception_class = getattr(ExceptionMapping, error_code, WebDriverException)\n                break\n        else:\n            exception_class = WebDriverException\n    \n        if not value:\n            value = response[\"value\"]\n        if isinstance(value, str):\n            raise exception_class(value)\n        if message == \"\" and \"message\" in value:\n            message = value[\"message\"]\n    \n        screen = None  # type: ignore[assignment]\n        if \"screen\" in value:\n            screen = value[\"screen\"]\n    \n        stacktrace = None\n        st_value = value.get(\"stackTrace\") or value.get(\"stacktrace\")\n        if st_value:\n            if isinstance(st_value, str):\n                stacktrace = st_value.split(\"\\n\")\n            else:\n                stacktrace = []\n                try:\n                    for frame in st_value:\n                        line = frame.get(\"lineNumber\", \"\")\n                        file = frame.get(\"fileName\", \"<anonymous>\")\n                        if line:\n                            file = f\"{file}:{line}\"\n                        meth = frame.get(\"methodName\", \"<anonymous>\")\n                        if \"className\" in frame:\n                            meth = f\"{frame['className']}.{meth}\"\n                        msg = \"    at %s (%s)\"\n                        msg = msg % (meth, file)\n                        stacktrace.append(msg)\n                except TypeError:\n                    pass\n        if exception_class == UnexpectedAlertPresentException:\n            alert_text = None\n            if \"data\" in value:\n                alert_text = value[\"data\"].get(\"text\")\n            elif \"alert\" in value:\n                alert_text = value[\"alert\"].get(\"text\")\n            raise exception_class(message, screen, stacktrace, alert_text)  # type: ignore[call-arg]  # mypy is not smart enough here\n>       raise exception_class(message, screen, stacktrace)\nE       selenium.common.exceptions.NoSuchElementException: Message: no such element: Unable to locate element: {\"method\":\"css selector\",\"selector\":\".lNPl8b\"}\nE         (Session info: chrome=144.0.7559.109); For documentation on this error, please visit: https://www.selenium.dev/documentation/webdriver/troubleshooting/errors#nosuchelementexception\nE       Stacktrace:\nE       0   chromedriver                        0x0000000102f8cb68 chromedriver + 6712168\nE       1   chromedriver                        0x0000000102f843ca chromedriver + 6677450\nE       2   chromedriver                        0x0000000102994f25 chromedriver + 454437\nE       3   chromedriver                        0x00000001029e9a1b chromedriver + 801307\nE       4   chromedriver                        0x00000001029e9d61 chromedriver + 802145\nE       5   chromedriver                        0x0000000102a36224 chromedriver + 1114660\nE       6   chromedriver                        0x0000000102a33361 chromedriver + 1102689\nE       7   chromedriver                        0x00000001029dba11 chromedriver + 743953\nE       8   chromedriver                        0x00000001029dc811 chromedriver + 747537\nE       9   chromedriver                        0x0000000102f45241 chromedriver + 6419009\nE       10  chromedriver                        0x0000000102f495da chromedriver + 6436314\nE       11  chromedriver                        0x0000000102f24a29 chromedriver + 6285865\nE       12  chromedriver                        0x0000000102f4a038 chromedriver + 6438968\nE       13  chromedriver                        0x0000000102f12aa0 chromedriver + 6212256\nE       14  chromedriver                        0x0000000102f70668 chromedriver + 6596200\nE       15  chromedriver                        0x0000000102f70822 chromedriver + 6596642\nE       16  chromedriver                        0x0000000102f83fd1 chromedriver + 6676433\nE       17  libsystem_pthread.dylib             0x00007ff8090bd4e1 _pthread_start + 125\nE       18  libsystem_pthread.dylib             0x00007ff8090b8f6b thread_start + 15\n\n/Library/Frameworks/Python.framework/Versions/3.12/lib/python3.12/site-packages/selenium/webdriver/remote/errorhandler.py:233: NoSuchElementException"}, "description": "TC! on flipkart search results", "start": 1769690602681, "stop": 1769690612101, "uuid": "1c08050c-47d4-46dc-9bce-4d9c7a8a0bc9", "historyId": "2cc346a0dae7437985c8d082212b22f8", "testCaseId": "2cc346a0dae7437985c8d082212b22f8", "fullName": "SeleniumPrac.Locators.test_03_seleniumlocators4flipkartSearch#test_flipkart_seasrchResults", "labels": [{"name": "parentSuite", "value": "SeleniumPrac.Locators"}, {"name": "suite", "value": "test_03_seleniumlocators4flipkartSearch"}, {"name": "host", "value": "Vignesh-prasads-Macbook.local"}, {"name": "thread", "value": "27435-MainThread"}, {"name": "framework", "value": "pytest"}, {"name": "language", "value": "cpython3"}, {"name": "package", "value": "SeleniumPrac.Locators.test_03_seleniumlocators4flipkartSearch"}]}